<?xml version="1.0" encoding="UTF-8"?>
<testng-results skipped="0" failed="0" ignored="0" total="1" passed="1">
  <reporter-output>
  </reporter-output>
  <suite name="Default suite" duration-ms="16164" started-at="2020-03-05T09:05:46Z" finished-at="2020-03-05T09:06:03Z">
    <groups>
    </groups>
    <test name="Default test" duration-ms="16164" started-at="2020-03-05T09:05:46Z" finished-at="2020-03-05T09:06:03Z">
      <class name="POMwithPageFactory.CallingPOMwithTestFactory">
        <test-method status="PASS" signature="checklogin()[pri:0, instance:POMwithPageFactory.CallingPOMwithTestFactory@548b7f67]" name="checklogin" duration-ms="16128" started-at="2020-03-05T09:05:46Z" finished-at="2020-03-05T09:06:03Z">
          <reporter-output>
          </reporter-output>
        </test-method> <!-- checklogin -->
      </class> <!-- POMwithPageFactory.CallingPOMwithTestFactory -->
    </test> <!-- Default test -->
  </suite> <!-- Default suite -->
</testng-results>
